2021-08-21 13:16:43 INFO  class:76 - In class application
2021-08-21 13:20:56 INFO  class:76 - In class application
2021-08-21 13:22:49 INFO  class:76 - In class application
2021-08-21 13:24:51 INFO  class:76 - In class application
2021-08-21 13:26:32 INFO  class:76 - In class application
2021-08-21 13:27:34 INFO  class:76 - In class application
2021-08-21 13:28:17 WARN  class:107 - null
2021-08-21 13:28:17 WARN  class:107 - null
2021-08-21 13:28:17 WARN  class:107 - null
2021-08-21 13:28:17 WARN  class:107 - null
2021-08-21 13:28:17 WARN  class:107 - null
2021-08-21 13:28:17 WARN  class:107 - null
2021-08-21 13:28:17 WARN  class:107 - null
2021-08-21 13:28:17 WARN  class:107 - null
2021-08-21 13:28:17 WARN  class:107 - null
2021-08-21 13:28:25 INFO  class:76 - In class application
2021-08-21 13:36:54 INFO  class:75 - In class application
2021-08-21 13:37:06 WARN  class:52 - Column count doesn't match value count at row 1
2021-08-21 13:37:06 INFO  class:35 - 0 Rows Inserted!
2021-08-21 13:38:51 INFO  class:75 - In class application
2021-08-21 13:39:00 INFO  class:35 - 1 Rows Inserted!
2021-08-21 13:41:30 INFO  class:75 - In class application
2021-08-21 13:43:01 INFO  class:75 - In class application
2021-08-21 13:43:14 WARN  class:37 - You have an error in your SQL syntax; check the manual that corresponds to your MySQL server version for the right syntax to use near '?' at line 1
2021-08-21 13:43:14 WARN  class:57 - Class Room No not found, Enter the valid room no!
2021-08-21 13:45:44 INFO  class:75 - In class application
2021-08-21 13:45:53 WARN  class:57 - Class Room No not found, Enter the valid room no!
2021-08-21 13:48:00 INFO  class:75 - In class application
2021-08-21 13:48:06 WARN  class:57 - Class Room No not found, Enter the valid room no!
2021-08-21 13:50:46 INFO  class:75 - In class application
2021-08-21 13:50:59 WARN  class:57 - Class Room No not found, Enter the valid room no!
2021-08-21 14:26:27 INFO  class:97 - In class application
2021-08-21 14:26:52 WARN  class:66 - You have an error in your SQL syntax; check the manual that corresponds to your MySQL server version for the right syntax to use near '='XI' WHERE roomNo=201' at line 1
2021-08-21 14:26:52 INFO  class:68 - 0 Rows updated!
2021-08-21 14:27:32 WARN  class:128 - null
2021-08-21 14:27:32 WARN  class:128 - null
2021-08-21 14:27:32 WARN  class:128 - null
2021-08-21 14:27:32 WARN  class:128 - null
2021-08-21 14:27:32 WARN  class:128 - null
2021-08-21 14:27:32 WARN  class:128 - null
2021-08-21 14:27:32 WARN  class:128 - null
2021-08-21 14:27:32 WARN  class:128 - null
2021-08-21 14:27:32 WARN  class:128 - null
2021-08-21 14:27:32 WARN  class:128 - null
2021-08-21 14:27:32 WARN  class:128 - null
2021-08-21 14:27:32 WARN  class:128 - null
2021-08-21 14:29:45 INFO  class:97 - In class application
2021-08-21 14:29:56 WARN  class:66 - Unknown column 'XI' in 'field list'
2021-08-21 14:29:56 INFO  class:68 - 0 Rows updated!
2021-08-21 14:32:58 INFO  class:97 - In class application
2021-08-21 14:33:10 INFO  class:68 - 1 Rows updated!
2021-08-21 14:33:49 WARN  class:66 - Class Room No not found, Enter the valid room no!
2021-08-21 14:33:49 INFO  class:68 - 0 Rows updated!
2021-08-21 14:34:10 INFO  class:68 - 1 Rows updated!
2021-08-21 16:10:12 WARN  class:56 - Column count doesn't match value count at row 1
2021-08-21 16:10:12 INFO  class:51 - 0 Rows Inserted!
2021-08-21 16:12:16 INFO  class:51 - 1 Rows Inserted!
2021-08-21 16:12:48 WARN  class:156 - Class Room No not found, Enter the valid room no!
2021-08-21 16:12:55 WARN  class:156 - Unknown column 'student.Name' in 'field list'
2021-08-21 16:15:51 WARN  class:200 - null
2021-08-21 16:15:51 WARN  class:200 - null
2021-08-21 16:15:51 WARN  class:200 - null
2021-08-21 16:15:51 WARN  class:200 - null
2021-08-21 16:15:51 WARN  class:200 - null
2021-08-21 16:15:51 WARN  class:200 - null
2021-08-21 16:15:51 WARN  class:200 - null
2021-08-21 16:15:51 WARN  class:200 - null
2021-08-21 16:15:51 WARN  class:200 - null
2021-08-21 16:15:51 WARN  class:200 - null
2021-08-21 16:15:51 WARN  class:200 - null
2021-08-21 16:15:51 WARN  class:200 - null
2021-08-21 16:15:51 WARN  class:200 - null
2021-08-21 16:15:51 WARN  class:200 - null
2021-08-21 16:15:51 WARN  class:200 - null
2021-08-21 16:16:39 WARN  class:102 - Unknown column 'FirstName' in 'field list'
2021-08-21 16:16:39 INFO  class:104 - 0 Rows Updated!
2021-08-21 16:18:31 WARN  class:200 - null
2021-08-21 16:18:31 WARN  class:200 - null
2021-08-21 16:18:31 WARN  class:200 - null
2021-08-21 16:18:31 WARN  class:200 - null
2021-08-21 16:18:31 WARN  class:200 - null
2021-08-21 16:18:31 WARN  class:200 - null
2021-08-21 16:18:31 WARN  class:200 - null
2021-08-21 16:18:31 WARN  class:200 - null
2021-08-21 16:18:31 WARN  class:200 - null
2021-08-21 16:18:31 WARN  class:200 - null
2021-08-21 16:18:31 WARN  class:200 - null
2021-08-21 16:18:31 WARN  class:200 - null
2021-08-21 16:18:31 WARN  class:200 - null
2021-08-21 16:19:34 INFO  class:51 - 1 Rows Inserted!
2021-08-21 16:20:14 WARN  class:102 - Unknown column 'RoomNo' in 'where clause'
2021-08-21 16:20:14 INFO  class:104 - 0 Rows Updated!
2021-08-21 16:20:48 WARN  class:200 - null
2021-08-21 16:20:48 WARN  class:200 - null
2021-08-21 16:20:48 WARN  class:200 - null
2021-08-21 16:20:48 WARN  class:200 - null
2021-08-21 16:20:48 WARN  class:200 - null
2021-08-21 16:20:48 WARN  class:200 - null
2021-08-21 16:20:48 WARN  class:200 - null
2021-08-21 16:20:48 WARN  class:200 - null
2021-08-21 16:20:48 WARN  class:200 - null
2021-08-21 16:20:48 WARN  class:200 - null
2021-08-21 16:20:48 WARN  class:200 - null
2021-08-21 16:20:48 WARN  class:200 - null
2021-08-21 16:21:06 INFO  class:104 - 1 Rows Updated!
2021-08-21 16:21:21 INFO  class:104 - 1 Rows Updated!
2021-08-21 16:21:43 INFO  class:104 - 1 Rows Updated!
2021-08-21 16:21:58 INFO  class:104 - 1 Rows Updated!
2021-08-21 16:22:23 INFO  class:104 - 1 Rows Updated!
2021-08-21 16:22:36 INFO  class:104 - 1 Rows Updated!
2021-08-21 16:23:01 INFO  class:116 - 1 Rows Deleted!
2021-08-21 16:56:07 WARN  class:106 - null
2021-08-21 16:56:07 WARN  class:106 - null
2021-08-21 16:56:07 WARN  class:106 - null
2021-08-21 16:56:07 WARN  class:106 - null
2021-08-21 16:56:07 WARN  class:106 - null
2021-08-21 16:56:07 WARN  class:106 - null
2021-08-21 16:56:07 WARN  class:106 - null
2021-08-21 16:56:07 WARN  class:106 - null
2021-08-21 16:56:07 WARN  class:106 - null
2021-08-21 16:56:07 WARN  class:106 - null
2021-08-21 16:56:07 WARN  class:106 - null
2021-08-21 16:56:07 WARN  class:106 - null
2021-08-21 16:56:07 WARN  class:106 - null
2021-08-21 16:56:07 WARN  class:106 - null
2021-08-21 16:56:07 WARN  class:106 - null
2021-08-21 16:56:07 WARN  class:106 - null
2021-08-21 16:56:07 WARN  class:106 - null
2021-08-21 16:56:07 WARN  class:106 - null
2021-08-21 16:56:07 WARN  class:106 - null
2021-08-21 16:56:07 WARN  class:106 - null
2021-08-21 16:56:07 WARN  class:106 - null
2021-08-21 16:56:07 WARN  class:106 - null
2021-08-21 16:56:07 WARN  class:106 - null
2021-08-21 16:56:07 WARN  class:106 - null
2021-08-21 16:56:07 WARN  class:106 - null
2021-08-21 16:56:07 WARN  class:106 - null
2021-08-21 16:56:07 WARN  class:106 - null
2021-08-21 16:56:07 WARN  class:106 - null
2021-08-21 16:56:07 WARN  class:106 - null
2021-08-21 16:56:07 WARN  class:106 - null
2021-08-21 16:56:07 WARN  class:106 - null
2021-08-21 16:56:07 WARN  class:106 - null
2021-08-21 16:56:07 WARN  class:106 - null
2021-08-21 16:56:07 WARN  class:106 - null
2021-08-21 16:56:07 WARN  class:106 - null
2021-08-21 16:56:07 WARN  class:106 - null
2021-08-21 16:56:07 WARN  class:106 - null
2021-08-21 16:56:07 WARN  class:106 - null
2021-08-21 16:56:07 WARN  class:106 - null
2021-08-21 16:56:07 WARN  class:106 - null
2021-08-21 16:56:07 WARN  class:106 - null
2021-08-21 16:56:07 WARN  class:106 - null
2021-08-21 16:56:07 WARN  class:106 - null
2021-08-21 16:56:07 WARN  class:106 - null
2021-08-21 16:56:07 WARN  class:106 - null
2021-08-21 16:56:07 WARN  class:106 - null
2021-08-21 16:56:07 WARN  class:106 - null
2021-08-21 16:56:07 WARN  class:106 - null
2021-08-21 16:56:07 WARN  class:106 - null
2021-08-21 16:56:07 WARN  class:106 - null
2021-08-21 16:56:07 WARN  class:106 - null
2021-08-21 16:56:07 WARN  class:106 - null
2021-08-21 16:56:07 WARN  class:106 - null
2021-08-21 16:56:07 WARN  class:106 - null
2021-08-21 16:56:07 WARN  class:106 - null
2021-08-21 16:56:07 WARN  class:106 - null
2021-08-21 16:56:07 WARN  class:106 - null
2021-08-21 16:56:07 WARN  class:106 - null
2021-08-21 16:56:07 WARN  class:106 - null
2021-08-21 16:56:07 WARN  class:106 - null
2021-08-21 16:56:07 WARN  class:106 - null
2021-08-21 16:56:07 WARN  class:106 - null
2021-08-21 16:56:07 WARN  class:106 - null
2021-08-21 16:56:07 WARN  class:106 - null
2021-08-21 16:56:07 WARN  class:106 - null
2021-08-21 16:56:07 WARN  class:106 - null
2021-08-21 16:56:07 WARN  class:106 - null
2021-08-21 16:56:07 WARN  class:106 - null
2021-08-21 16:56:07 WARN  class:106 - null
2021-08-21 16:56:07 WARN  class:106 - null
2021-08-21 16:56:07 WARN  class:106 - null
2021-08-21 16:56:07 WARN  class:106 - null
2021-08-21 16:56:07 WARN  class:106 - null
2021-08-21 16:56:07 WARN  class:106 - null
2021-08-21 16:56:07 WARN  class:106 - null
2021-08-21 16:56:07 WARN  class:106 - null
2021-08-21 16:56:07 WARN  class:106 - null
2021-08-21 16:56:07 WARN  class:106 - null
2021-08-21 16:56:07 WARN  class:106 - null
2021-08-21 16:56:07 WARN  class:106 - null
2021-08-21 16:56:07 WARN  class:106 - null
2021-08-21 16:56:07 WARN  class:106 - null
2021-08-21 16:56:07 WARN  class:106 - null
2021-08-21 16:56:07 WARN  class:106 - null
2021-08-21 16:56:07 WARN  class:106 - null
2021-08-21 16:56:07 WARN  class:106 - null
2021-08-21 16:56:07 WARN  class:106 - null
2021-08-21 16:56:07 WARN  class:106 - null
2021-08-21 16:56:07 WARN  class:106 - null
2021-08-21 16:56:07 WARN  class:106 - null
2021-08-21 16:56:07 WARN  class:106 - null
2021-08-21 16:56:07 WARN  class:106 - null
2021-08-21 16:56:07 WARN  class:106 - null
2021-08-21 16:56:07 WARN  class:106 - null
2021-08-21 16:56:07 WARN  class:106 - null
2021-08-21 16:56:07 WARN  class:106 - null
2021-08-21 16:56:07 WARN  class:106 - null
2021-08-21 16:56:07 WARN  class:106 - null
2021-08-21 16:56:07 WARN  class:106 - null
2021-08-21 16:56:07 WARN  class:106 - null
2021-08-21 16:56:07 WARN  class:106 - null
2021-08-21 16:56:07 WARN  class:106 - null
2021-08-21 16:56:07 WARN  class:106 - null
2021-08-21 16:56:07 WARN  class:106 - null
2021-08-21 16:56:07 WARN  class:106 - null
2021-08-21 16:56:07 WARN  class:106 - null
2021-08-21 16:56:07 WARN  class:106 - null
2021-08-21 16:56:07 WARN  class:106 - null
2021-08-21 16:56:07 WARN  class:106 - null
2021-08-21 16:56:07 WARN  class:106 - null
2021-08-21 16:56:07 WARN  class:106 - null
2021-08-21 16:56:07 WARN  class:106 - null
2021-08-21 16:56:07 WARN  class:106 - null
2021-08-21 16:56:07 WARN  class:106 - null
2021-08-21 16:56:07 WARN  class:106 - null
2021-08-21 16:56:07 WARN  class:106 - null
2021-08-21 16:56:07 WARN  class:106 - null
2021-08-21 16:56:07 WARN  class:106 - null
2021-08-21 16:56:07 WARN  class:106 - null
2021-08-21 16:56:07 WARN  class:106 - null
2021-08-21 16:56:07 WARN  class:106 - null
2021-08-21 16:56:07 WARN  class:106 - null
2021-08-21 16:56:07 WARN  class:106 - null
2021-08-21 16:56:07 WARN  class:106 - null
2021-08-21 16:56:07 WARN  class:106 - null
2021-08-21 16:56:07 WARN  class:106 - null
2021-08-21 16:56:07 WARN  class:106 - null
2021-08-21 16:56:07 WARN  class:106 - null
2021-08-21 16:56:07 WARN  class:106 - null
2021-08-21 16:56:07 WARN  class:106 - null
2021-08-21 16:56:07 WARN  class:106 - null
2021-08-21 16:56:07 WARN  class:106 - null
2021-08-21 16:56:07 WARN  class:106 - null
2021-08-21 16:56:07 WARN  class:106 - null
2021-08-21 16:56:07 WARN  class:106 - null
2021-08-21 16:56:07 WARN  class:106 - null
2021-08-21 16:56:07 WARN  class:106 - null
2021-08-21 16:56:07 WARN  class:106 - null
2021-08-21 16:56:07 WARN  class:106 - null
2021-08-21 16:56:07 WARN  class:106 - null
2021-08-21 16:56:07 WARN  class:106 - null
2021-08-21 16:56:07 WARN  class:106 - null
2021-08-21 16:56:07 WARN  class:106 - null
2021-08-21 16:56:07 WARN  class:106 - null
2021-08-21 16:56:07 WARN  class:106 - null
2021-08-21 16:56:07 WARN  class:106 - null
2021-08-21 16:56:07 WARN  class:106 - null
2021-08-21 16:56:07 WARN  class:106 - null
2021-08-21 16:56:07 WARN  class:106 - null
2021-08-21 16:56:07 WARN  class:106 - null
2021-08-21 16:56:07 WARN  class:106 - null
2021-08-21 16:56:07 WARN  class:106 - null
2021-08-21 16:56:07 WARN  class:106 - null
2021-08-21 16:56:07 WARN  class:106 - null
2021-08-21 16:56:07 WARN  class:106 - null
2021-08-21 16:56:07 WARN  class:106 - null
2021-08-21 16:56:07 WARN  class:106 - null
2021-08-21 16:56:07 WARN  class:106 - null
2021-08-21 16:56:07 WARN  class:106 - null
2021-08-21 16:56:07 WARN  class:106 - null
2021-08-21 16:56:07 WARN  class:106 - null
2021-08-21 16:56:07 WARN  class:106 - null
2021-08-21 16:56:07 WARN  class:106 - null
2021-08-21 16:56:07 WARN  class:106 - null
2021-08-21 16:56:07 WARN  class:106 - null
2021-08-21 16:56:07 WARN  class:106 - null
2021-08-21 16:56:07 WARN  class:106 - null
2021-08-21 16:56:07 WARN  class:106 - null
2021-08-21 16:56:07 WARN  class:106 - null
2021-08-21 16:56:07 WARN  class:106 - null
2021-08-21 16:56:07 WARN  class:106 - null
2021-08-21 16:56:07 WARN  class:106 - null
2021-08-21 16:56:07 WARN  class:106 - null
2021-08-21 16:56:07 WARN  class:106 - null
2021-08-21 16:56:07 WARN  class:106 - null
2021-08-21 16:56:07 WARN  class:106 - null
2021-08-21 16:56:07 WARN  class:106 - null
2021-08-21 16:56:07 WARN  class:106 - null
2021-08-21 16:56:07 WARN  class:106 - null
2021-08-21 16:56:07 WARN  class:106 - null
2021-08-21 16:56:07 WARN  class:106 - null
2021-08-21 16:56:07 WARN  class:106 - null
2021-08-21 16:56:07 WARN  class:106 - null
2021-08-21 16:56:07 WARN  class:106 - null
2021-08-21 16:56:07 WARN  class:106 - null
2021-08-21 16:56:07 WARN  class:106 - null
2021-08-21 16:56:07 WARN  class:106 - null
2021-08-21 16:56:07 WARN  class:106 - null
2021-08-21 16:56:07 WARN  class:106 - null
2021-08-21 16:56:07 WARN  class:106 - null
2021-08-21 16:56:07 WARN  class:106 - null
2021-08-21 16:56:07 WARN  class:106 - null
2021-08-21 16:56:07 WARN  class:106 - null
2021-08-21 16:56:07 WARN  class:106 - null
2021-08-21 16:56:07 WARN  class:106 - null
2021-08-21 16:56:07 WARN  class:106 - null
2021-08-21 16:56:07 WARN  class:106 - null
2021-08-21 16:56:07 WARN  class:106 - null
2021-08-21 16:56:07 WARN  class:106 - null
2021-08-21 16:56:07 WARN  class:106 - null
2021-08-21 16:56:07 WARN  class:106 - null
2021-08-21 16:56:07 WARN  class:106 - null
2021-08-21 16:56:07 WARN  class:106 - null
2021-08-21 16:56:07 WARN  class:106 - null
2021-08-21 16:56:07 WARN  class:106 - null
2021-08-21 16:56:07 WARN  class:106 - null
2021-08-21 16:56:07 WARN  class:106 - null
2021-08-21 16:56:07 WARN  class:106 - null
2021-08-21 16:56:07 WARN  class:106 - null
2021-08-21 16:56:07 WARN  class:106 - null
2021-08-21 16:56:07 WARN  class:106 - null
2021-08-21 16:56:07 WARN  class:106 - null
2021-08-21 16:56:07 WARN  class:106 - null
2021-08-21 16:56:07 WARN  class:106 - null
2021-08-21 16:56:07 WARN  class:106 - null
2021-08-21 16:56:07 WARN  class:106 - null
2021-08-21 16:56:07 WARN  class:106 - null
2021-08-21 16:56:07 WARN  class:106 - null
2021-08-21 16:56:07 WARN  class:106 - null
2021-08-21 16:56:07 WARN  class:106 - null
2021-08-21 16:56:07 WARN  class:106 - null
2021-08-21 16:56:07 WARN  class:106 - null
2021-08-21 16:56:07 WARN  class:106 - null
2021-08-21 16:56:07 WARN  class:106 - null
2021-08-21 16:56:07 WARN  class:106 - null
2021-08-21 16:56:07 WARN  class:106 - null
2021-08-21 16:56:07 WARN  class:106 - null
2021-08-21 16:56:07 WARN  class:106 - null
2021-08-21 16:56:07 WARN  class:106 - null
2021-08-21 16:56:07 WARN  class:106 - null
2021-08-21 16:56:07 WARN  class:106 - null
2021-08-21 16:56:07 WARN  class:106 - null
2021-08-21 16:56:07 WARN  class:106 - null
2021-08-21 16:56:07 WARN  class:106 - null
2021-08-21 16:56:07 WARN  class:106 - null
2021-08-21 16:56:07 WARN  class:106 - null
2021-08-21 16:56:07 WARN  class:106 - null
2021-08-21 16:56:07 WARN  class:106 - null
2021-08-21 16:56:07 WARN  class:106 - null
2021-08-21 16:56:07 WARN  class:106 - null
2021-08-21 16:56:07 WARN  class:106 - null
2021-08-21 16:56:07 WARN  class:106 - null
2021-08-21 16:56:07 WARN  class:106 - null
2021-08-21 16:56:07 WARN  class:106 - null
2021-08-21 16:56:07 WARN  class:106 - null
2021-08-21 16:56:07 WARN  class:106 - null
2021-08-21 16:56:07 WARN  class:106 - null
2021-08-21 16:56:07 WARN  class:106 - null
2021-08-21 16:56:07 WARN  class:106 - null
2021-08-21 16:56:07 WARN  class:106 - null
2021-08-21 16:56:07 WARN  class:106 - null
2021-08-21 16:56:07 WARN  class:106 - null
2021-08-21 16:56:07 WARN  class:106 - null
2021-08-21 16:56:07 WARN  class:106 - null
2021-08-21 16:56:07 WARN  class:106 - null
2021-08-21 16:56:07 WARN  class:106 - null
2021-08-21 16:56:07 WARN  class:106 - null
2021-08-21 16:56:07 WARN  class:106 - null
2021-08-21 16:56:07 WARN  class:106 - null
2021-08-21 16:56:07 WARN  class:106 - null
2021-08-21 16:56:07 WARN  class:106 - null
2021-08-21 16:56:07 WARN  class:106 - null
2021-08-21 16:56:07 WARN  class:106 - null
2021-08-21 16:56:07 WARN  class:106 - null
2021-08-21 16:56:07 WARN  class:106 - null
2021-08-21 16:56:07 WARN  class:106 - null
2021-08-21 17:36:57 WARN  class:59 - Unknown column 'ClassRoomNo' in 'field list'
2021-08-21 17:36:57 INFO  class:50 - 0 Rows Inserted!
2021-08-21 17:38:37 INFO  class:50 - 1 Rows Inserted!
2021-08-21 17:39:35 INFO  class:50 - 1 Rows Inserted!
2021-08-21 17:39:57 WARN  class:214 - null
2021-08-21 17:39:57 WARN  class:214 - null
2021-08-21 17:39:57 WARN  class:214 - null
2021-08-21 17:39:57 WARN  class:214 - null
2021-08-21 17:39:57 WARN  class:214 - null
2021-08-21 17:39:57 WARN  class:214 - null
2021-08-21 17:39:57 WARN  class:214 - null
2021-08-21 17:39:57 WARN  class:214 - null
2021-08-21 17:39:57 WARN  class:214 - null
2021-08-21 17:39:57 WARN  class:214 - null
2021-08-21 17:39:57 WARN  class:214 - null
2021-08-21 17:39:57 WARN  class:214 - null
2021-08-21 17:39:57 WARN  class:214 - null
2021-08-21 17:40:58 INFO  class:103 - 0 Rows Updated!
2021-08-21 17:41:28 WARN  class:214 - null
2021-08-21 17:41:28 WARN  class:214 - null
2021-08-21 17:41:28 WARN  class:214 - null
2021-08-21 17:41:28 WARN  class:214 - null
2021-08-21 17:41:28 WARN  class:214 - null
2021-08-21 17:41:28 WARN  class:214 - null
2021-08-21 17:41:28 WARN  class:214 - null
2021-08-21 17:41:28 WARN  class:214 - null
2021-08-21 17:41:28 WARN  class:214 - null
2021-08-21 17:41:28 WARN  class:214 - null
2021-08-21 17:41:28 WARN  class:214 - null
2021-08-21 17:43:51 WARN  class:101 - Unknown column 'RollNo' in 'where clause'
2021-08-21 17:43:51 INFO  class:103 - 0 Rows Updated!
2021-08-21 17:44:46 INFO  class:103 - 1 Rows Updated!
2021-08-21 17:44:58 INFO  class:103 - 1 Rows Updated!
2021-08-21 17:45:17 INFO  class:103 - 1 Rows Updated!
2021-08-21 17:45:32 INFO  class:103 - 1 Rows Updated!
2021-08-21 17:45:51 INFO  class:103 - 1 Rows Updated!
2021-08-21 17:46:04 INFO  class:103 - 1 Rows Updated!
2021-08-21 17:46:28 INFO  class:103 - 1 Rows Updated!
2021-08-21 17:46:42 INFO  class:103 - 1 Rows Updated!
2021-08-21 17:46:53 INFO  class:116 - 1 Rows Deleted!
2021-08-21 18:29:04 INFO  class:50 - 1 Rows Inserted!
2021-08-21 18:30:14 INFO  class:50 - 1 Rows Inserted!
2021-08-21 18:30:47 INFO  class:103 - 1 Rows Updated!
2021-08-21 18:31:00 INFO  class:103 - 1 Rows Updated!
2021-08-21 18:31:18 INFO  class:103 - 1 Rows Updated!
2021-08-21 18:31:32 INFO  class:103 - 1 Rows Updated!
2021-08-21 18:31:46 INFO  class:103 - 1 Rows Updated!
2021-08-21 18:32:02 INFO  class:103 - 1 Rows Updated!
2021-08-21 18:32:15 INFO  class:115 - 1 Rows Deleted!
2021-08-21 20:00:20 INFO  class:41 - 1 Rows Inserted!
2021-08-21 20:00:44 INFO  class:41 - 1 Rows Inserted!
2021-08-21 20:01:13 WARN  class:35 - Unknown column 'TA10' in 'where clause'
2021-08-21 20:01:13 WARN  class:112 - Subject not found,Enter the valid id!
2021-08-21 20:03:36 WARN  class:35 - Unknown column 'TA10' in 'where clause'
2021-08-21 20:03:36 WARN  class:112 - Subject not found,Enter the valid id!
2021-08-21 20:06:51 WARN  class:35 - Unknown column 'TA10' in 'where clause'
2021-08-21 20:06:51 WARN  class:68 - Subject not found,Enter the valid id!
2021-08-21 20:06:51 INFO  class:70 - 0 Rows Updated!
2021-08-21 20:07:06 WARN  class:35 - Unknown column 'TA10' in 'where clause'
2021-08-21 20:07:06 WARN  class:80 - Subject not found,Enter the valid id!
2021-08-21 20:07:06 INFO  class:82 - 0 Rows Deleted!
2021-08-21 20:10:03 WARN  class:214 - null
2021-08-21 20:10:03 WARN  class:214 - null
2021-08-21 20:10:03 WARN  class:214 - null
2021-08-21 20:10:03 WARN  class:214 - null
2021-08-21 20:10:03 WARN  class:214 - null
2021-08-21 20:10:03 WARN  class:214 - null
2021-08-21 20:10:03 WARN  class:214 - null
2021-08-21 20:10:03 WARN  class:214 - null
2021-08-21 20:10:03 WARN  class:214 - null
2021-08-21 20:10:03 WARN  class:214 - null
2021-08-21 20:10:03 WARN  class:214 - null
2021-08-21 20:10:03 WARN  class:214 - null
2021-08-21 20:10:03 WARN  class:214 - null
2021-08-21 20:10:03 WARN  class:214 - null
2021-08-21 20:10:03 WARN  class:214 - null
2021-08-21 20:10:03 WARN  class:214 - null
2021-08-21 20:10:03 WARN  class:214 - null
2021-08-21 20:10:03 WARN  class:214 - null
2021-08-21 20:10:03 WARN  class:214 - null
2021-08-21 20:10:03 WARN  class:214 - null
2021-08-21 20:10:03 WARN  class:214 - null
2021-08-21 20:10:03 WARN  class:214 - null
2021-08-21 20:10:03 WARN  class:214 - null
2021-08-21 20:10:03 WARN  class:214 - null
2021-08-21 20:10:03 WARN  class:214 - null
2021-08-21 20:10:03 WARN  class:214 - null
2021-08-21 20:10:03 WARN  class:214 - null
2021-08-21 20:10:03 WARN  class:214 - null
2021-08-21 20:10:03 WARN  class:214 - null
2021-08-21 20:10:03 WARN  class:214 - null
2021-08-21 20:10:03 WARN  class:214 - null
2021-08-21 20:10:03 WARN  class:214 - null
2021-08-21 20:10:03 WARN  class:214 - null
2021-08-21 20:10:03 WARN  class:214 - null
2021-08-21 20:10:03 WARN  class:214 - null
2021-08-21 20:10:03 WARN  class:161 - null
2021-08-21 20:10:03 WARN  class:161 - null
2021-08-21 20:10:03 WARN  class:161 - null
2021-08-21 20:10:03 WARN  class:161 - null
2021-08-21 20:10:03 WARN  class:161 - null
2021-08-21 20:10:03 WARN  class:161 - null
2021-08-21 20:10:03 WARN  class:161 - null
2021-08-21 20:10:03 WARN  class:161 - null
2021-08-21 20:10:03 WARN  class:161 - null
2021-08-21 20:10:03 WARN  class:161 - null
2021-08-21 20:10:03 WARN  class:161 - null
2021-08-21 20:10:03 WARN  class:161 - null
2021-08-21 20:10:03 WARN  class:161 - null
2021-08-21 20:10:03 WARN  class:161 - null
2021-08-21 20:10:03 WARN  class:161 - null
2021-08-21 20:10:03 WARN  class:161 - null
2021-08-21 20:10:03 WARN  class:161 - null
2021-08-21 20:10:03 WARN  class:161 - null
2021-08-21 20:10:03 WARN  class:161 - null
2021-08-21 20:10:03 WARN  class:161 - null
2021-08-21 20:10:03 WARN  class:161 - null
2021-08-21 20:10:03 WARN  class:161 - null
2021-08-21 20:10:03 WARN  class:161 - null
2021-08-21 20:10:03 WARN  class:161 - null
2021-08-21 20:10:03 WARN  class:161 - null
2021-08-21 20:10:03 WARN  class:161 - null
2021-08-21 20:10:03 WARN  class:161 - null
2021-08-21 20:10:03 WARN  class:161 - null
2021-08-21 20:10:03 WARN  class:161 - null
2021-08-21 20:10:03 WARN  class:167 - null
2021-08-21 20:10:03 WARN  class:167 - null
2021-08-21 20:10:03 WARN  class:167 - null
2021-08-21 20:10:03 WARN  class:167 - null
2021-08-21 20:10:03 WARN  class:167 - null
2021-08-21 20:10:03 WARN  class:167 - null
2021-08-21 20:10:03 WARN  class:167 - null
2021-08-21 20:10:03 WARN  class:167 - null
2021-08-21 20:10:03 WARN  class:167 - null
2021-08-21 20:10:03 WARN  class:167 - null
2021-08-21 20:10:03 WARN  class:167 - null
2021-08-21 20:10:03 WARN  class:167 - null
2021-08-21 20:10:03 WARN  class:167 - null
2021-08-21 20:10:03 WARN  class:167 - null
2021-08-21 20:10:03 WARN  class:167 - null
2021-08-21 20:10:03 WARN  class:167 - null
2021-08-21 20:10:03 WARN  class:167 - null
2021-08-21 20:10:03 WARN  class:167 - null
2021-08-21 20:10:03 WARN  class:167 - null
2021-08-21 20:10:03 WARN  class:167 - null
2021-08-21 20:10:03 WARN  class:167 - null
2021-08-21 20:10:03 WARN  class:167 - null
2021-08-21 20:10:03 WARN  class:167 - null
2021-08-21 20:10:03 WARN  class:167 - null
2021-08-21 20:10:03 WARN  class:167 - null
2021-08-21 20:10:03 WARN  class:167 - null
2021-08-21 20:10:03 WARN  class:167 - null
2021-08-21 20:10:03 WARN  class:167 - null
2021-08-21 20:10:03 WARN  class:167 - null
2021-08-21 20:10:03 WARN  class:167 - null
2021-08-21 20:10:03 WARN  class:167 - null
2021-08-21 20:10:03 WARN  class:167 - null
2021-08-21 20:10:03 WARN  class:167 - null
2021-08-21 20:10:03 WARN  class:167 - null
2021-08-21 20:10:03 WARN  class:167 - null
2021-08-21 20:10:03 WARN  class:167 - null
2021-08-21 20:10:03 WARN  class:167 - null
2021-08-21 20:10:03 WARN  class:167 - null
2021-08-21 20:10:03 WARN  class:167 - null
2021-08-21 20:10:03 WARN  class:167 - null
2021-08-21 20:10:03 WARN  class:167 - null
2021-08-21 20:10:03 WARN  class:167 - null
2021-08-21 20:10:03 WARN  class:167 - null
2021-08-21 20:10:03 WARN  class:167 - null
2021-08-21 20:10:03 WARN  class:167 - null
2021-08-21 20:10:03 WARN  class:167 - null
2021-08-21 20:10:03 WARN  class:167 - null
2021-08-21 20:10:03 WARN  class:167 - null
2021-08-21 20:10:03 WARN  class:167 - null
2021-08-21 20:10:03 WARN  class:167 - null
2021-08-21 20:10:03 WARN  class:167 - null
2021-08-21 20:10:03 WARN  class:167 - null
2021-08-21 20:10:03 WARN  class:167 - null
2021-08-21 20:10:03 WARN  class:167 - null
2021-08-21 20:10:03 WARN  class:167 - null
2021-08-21 20:10:03 WARN  class:167 - null
2021-08-21 20:10:03 WARN  class:167 - null
2021-08-21 20:10:03 WARN  class:167 - null
2021-08-21 20:10:03 WARN  class:167 - null
2021-08-21 20:10:03 WARN  class:167 - null
2021-08-21 20:10:03 WARN  class:167 - null
2021-08-21 20:10:03 WARN  class:167 - null
2021-08-21 20:10:03 WARN  class:167 - null
2021-08-21 20:10:03 WARN  class:167 - null
2021-08-21 20:10:03 WARN  class:167 - null
2021-08-21 20:10:03 WARN  class:167 - null
2021-08-21 20:10:03 WARN  class:167 - null
2021-08-21 20:10:03 WARN  class:167 - null
2021-08-21 20:10:03 WARN  class:167 - null
2021-08-21 20:10:03 WARN  class:167 - null
2021-08-21 20:10:03 WARN  class:167 - null
2021-08-21 20:10:03 WARN  class:167 - null
2021-08-21 20:10:03 WARN  class:167 - null
2021-08-21 20:10:03 WARN  class:167 - null
2021-08-21 20:10:03 WARN  class:167 - null
2021-08-21 20:10:03 WARN  class:167 - null
2021-08-21 20:10:03 WARN  class:167 - null
2021-08-21 20:10:03 WARN  class:167 - null
2021-08-21 20:31:59 WARN  class:156 - Class Room No not found, Enter the valid room no!
2021-08-21 20:32:13 WARN  class:146 - Student not found,Enter the valid id!
2021-08-21 20:32:28 WARN  class:114 - Student not found,Enter the valid id!
2021-08-21 20:32:28 INFO  class:116 - 0 Rows Deleted!
2021-08-21 20:32:54 WARN  class:102 - Student not found,Enter the valid id!
2021-08-21 20:32:54 INFO  class:104 - 0 Rows Updated!
2021-08-21 20:32:56 WARN  class:200 - For input string: "Kumar"
2021-08-21 20:34:00 WARN  class:35 - Unknown column 'TA10' in 'where clause'
2021-08-21 20:34:00 WARN  class:112 - Subject not found,Enter the valid id!
2021-08-21 20:38:37 WARN  class:112 - Subject not found,Enter the valid id!
2021-08-21 20:38:57 INFO  class:41 - 1 Rows Inserted!
2021-08-21 20:39:21 INFO  class:70 - 1 Rows Updated!
2021-08-21 20:39:53 WARN  class:68 - Subject not found,Enter the valid id!
2021-08-21 20:39:53 INFO  class:70 - 0 Rows Updated!
2021-08-21 20:40:06 WARN  class:112 - Subject not found,Enter the valid id!
2021-08-21 20:41:22 WARN  class:68 - Subject not found,Enter the valid id!
2021-08-21 20:41:22 INFO  class:70 - 0 Rows Updated!
2021-08-21 20:41:38 INFO  class:82 - 1 Rows Deleted!
2021-08-21 20:41:53 INFO  class:41 - 1 Rows Inserted!
2021-08-21 20:42:09 INFO  class:70 - 1 Rows Updated!
2021-08-21 20:42:16 WARN  class:68 - Enter the valid choice!
2021-08-21 20:42:16 INFO  class:70 - 0 Rows Updated!
2021-08-21 20:42:56 INFO  class:70 - 1 Rows Updated!
2021-08-21 20:43:23 INFO  class:160 - Exits from subject application
2021-08-21 20:44:48 WARN  class:68 - Class Room No not found, Enter the valid room no!
2021-08-21 20:44:48 INFO  class:70 - 0 Rows Updated!
2021-08-21 20:45:02 INFO  class:70 - 1 Rows Updated!
2021-08-21 20:45:10 INFO  class:160 - Exits from subject application
2021-08-21 22:52:18 INFO  class:37 - 1 Rows Inserted!
2021-08-21 22:52:56 INFO  class:78 - 0 Rows Deleted!
2021-08-21 23:01:11 INFO  class:66 - 1 Rows Updated!
2021-08-21 23:01:38 WARN  class:76 - Unknown column 'assignId' in 'where clause'
2021-08-21 23:01:38 INFO  class:78 - 0 Rows Deleted!
2021-08-21 23:02:14 WARN  class:76 - Unknown column 'assignId' in 'where clause'
2021-08-21 23:02:14 INFO  class:78 - 0 Rows Deleted!
2021-08-21 23:03:04 WARN  class:140 - null
2021-08-21 23:03:04 WARN  class:140 - null
2021-08-21 23:03:04 WARN  class:140 - null
2021-08-21 23:03:04 WARN  class:140 - null
2021-08-21 23:03:04 WARN  class:140 - null
2021-08-21 23:03:04 WARN  class:140 - null
2021-08-21 23:03:04 WARN  class:140 - null
2021-08-21 23:03:04 WARN  class:140 - null
2021-08-21 23:03:04 WARN  class:140 - null
2021-08-21 23:03:04 WARN  class:140 - null
2021-08-21 23:03:04 WARN  class:140 - null
2021-08-21 23:03:04 WARN  class:140 - null
2021-08-21 23:03:04 WARN  class:140 - null
2021-08-21 23:03:18 INFO  class:78 - 1 Rows Deleted!
2021-08-21 23:15:33 WARN  class:200 - null
2021-08-21 23:15:33 WARN  class:200 - null
2021-08-21 23:15:33 WARN  class:200 - null
2021-08-21 23:15:33 WARN  class:200 - null
2021-08-21 23:15:33 WARN  class:200 - null
2021-08-21 23:15:33 WARN  class:200 - null
2021-08-21 23:15:33 WARN  class:200 - null
2021-08-21 23:15:33 WARN  class:200 - null
2021-08-21 23:15:33 WARN  class:200 - null
2021-08-21 23:15:33 WARN  class:200 - null
2021-08-21 23:15:33 WARN  class:200 - null
2021-08-21 23:15:33 WARN  class:200 - null
2021-08-21 23:15:33 WARN  class:200 - null
2021-08-21 23:15:33 WARN  class:167 - null
2021-08-21 23:15:33 WARN  class:167 - null
2021-08-21 23:15:33 WARN  class:167 - null
2021-08-21 23:15:33 WARN  class:167 - null
2021-08-21 23:15:33 WARN  class:167 - null
2021-08-21 23:15:33 WARN  class:167 - null
2021-08-21 23:15:33 WARN  class:167 - null
2021-08-21 23:15:33 WARN  class:167 - null
2021-08-21 23:15:33 WARN  class:167 - null
2021-08-21 23:15:33 WARN  class:167 - null
2021-08-21 23:15:33 WARN  class:167 - null
2021-08-21 23:15:33 WARN  class:167 - null
2021-08-21 23:15:33 WARN  class:167 - null
2021-08-21 23:15:33 WARN  class:167 - null
2021-08-21 23:15:33 WARN  class:167 - null
2021-08-21 23:15:33 WARN  class:167 - null
2021-08-21 23:15:33 WARN  class:167 - null
2021-08-21 23:15:33 WARN  class:167 - null
2021-08-21 23:15:33 WARN  class:167 - null
2021-08-21 23:15:33 WARN  class:167 - null
2021-08-21 23:15:33 WARN  class:167 - null
2021-08-21 23:15:33 WARN  class:167 - null
2021-08-21 23:15:33 WARN  class:167 - null
2021-08-21 23:15:33 WARN  class:167 - null
2021-08-21 23:15:33 WARN  class:167 - null
2021-08-21 23:15:33 WARN  class:167 - null
2021-08-21 23:15:33 WARN  class:167 - null
2021-08-21 23:15:33 WARN  class:167 - null
2021-08-21 23:15:33 WARN  class:167 - null
2021-08-21 23:15:33 WARN  class:167 - null
2021-08-21 23:15:33 WARN  class:167 - null
2021-08-21 23:15:33 WARN  class:167 - null
2021-08-21 23:15:33 WARN  class:167 - null
2021-08-21 23:15:33 WARN  class:167 - null
2021-08-21 23:15:33 WARN  class:167 - null
2021-08-21 23:15:33 WARN  class:167 - null
2021-08-21 23:15:33 WARN  class:167 - null
2021-08-21 23:15:33 WARN  class:167 - null
2021-08-21 23:15:33 WARN  class:167 - null
2021-08-21 23:15:33 WARN  class:167 - null
2021-08-21 23:15:33 WARN  class:167 - null
2021-08-21 23:15:33 WARN  class:167 - null
2021-08-21 23:15:33 WARN  class:167 - null
2021-08-21 23:15:33 WARN  class:167 - null
2021-08-21 23:15:33 WARN  class:167 - null
2021-08-21 23:15:33 WARN  class:140 - null
2021-08-21 23:15:33 WARN  class:140 - null
2021-08-21 23:15:33 WARN  class:140 - null
2021-08-21 23:15:33 WARN  class:140 - null
2021-08-21 23:15:33 WARN  class:140 - null
2021-08-21 23:15:33 WARN  class:140 - null
2021-08-21 23:15:33 WARN  class:140 - null
2021-08-21 23:15:33 WARN  class:140 - null
2021-08-21 23:15:33 WARN  class:140 - null
2021-08-21 23:15:33 WARN  class:140 - null
2021-08-21 23:15:33 WARN  class:140 - null
2021-08-21 23:15:33 WARN  class:140 - null
2021-08-21 23:15:33 WARN  class:140 - null
2021-08-21 23:15:33 WARN  class:140 - null
2021-08-21 23:15:33 WARN  class:140 - null
2021-08-21 23:15:33 WARN  class:140 - null
2021-08-21 23:15:33 WARN  class:140 - null
2021-08-21 23:15:33 WARN  class:140 - null
2021-08-21 23:15:33 WARN  class:140 - null
2021-08-21 23:15:33 WARN  class:140 - null
2021-08-21 23:15:33 WARN  class:140 - null
2021-08-21 23:15:33 WARN  class:140 - null
2021-08-21 23:15:33 WARN  class:140 - null
2021-08-22 09:23:43 WARN  class:54 - Column count doesn't match value count at row 1
2021-08-22 09:23:43 INFO  class:47 - 0 Rows Inserted!
2021-08-22 09:25:41 INFO  class:47 - 1 Rows Inserted!
2021-08-22 09:26:26 WARN  class:50 - Data truncation: Incorrect date value: '-' for column 'beginDate' at row 1
2021-08-22 09:26:26 INFO  class:47 - 0 Rows Inserted!
2021-08-22 09:27:06 INFO  class:47 - 1 Rows Inserted!
2021-08-22 09:28:08 INFO  class:88 - 1 Rows Updated!
2021-08-22 09:28:33 INFO  class:88 - 1 Rows Updated!
2021-08-22 09:28:49 WARN  class:86 - Topic not found,Enter the valid id!
2021-08-22 09:28:49 INFO  class:88 - 0 Rows Updated!
2021-08-22 09:29:14 INFO  class:88 - 1 Rows Updated!
2021-08-22 09:29:35 INFO  class:88 - 1 Rows Updated!
2021-08-22 09:30:29 INFO  class:88 - 1 Rows Updated!
2021-08-22 09:30:46 INFO  class:100 - 1 Rows Deleted!
2021-08-22 09:43:02 INFO  class:170 - null
2021-08-22 09:43:02 INFO  class:170 - null
2021-08-22 09:43:02 INFO  class:170 - null
2021-08-22 09:43:02 INFO  class:170 - null
2021-08-22 09:43:02 INFO  class:170 - null
2021-08-22 09:43:02 INFO  class:170 - null
2021-08-22 09:43:02 INFO  class:170 - null
2021-08-22 09:43:02 INFO  class:170 - null
2021-08-22 09:43:02 INFO  class:170 - null
2021-08-22 09:43:02 INFO  class:170 - null
